[1643396919955] INFO  (ext): SQLTools is starting
[1643396919955] INFO  (ext): initializing language client...
[1643396919956] INFO  (ext): Registering client for languages [{"scheme":"sqltools"},{"language":"sql","scheme":"untitled"},{"language":"sql","scheme":"file"},{"language":"sql","scheme":"sqltools"}]
    ns: "lc"
[1643396919957] INFO  (ext): loading plugins...
[1643396919957] INFO  (ext): registering Formatter Plugin.
    plugin: {
      "name": "Formatter Plugin"
    }
[1643396919957] INFO  (ext): registering Connection Manager Plugin.
    plugin: {
      "name": "Connection Manager Plugin"
    }
[1643396919957] INFO  (ext): registering CodeLens Plugin.
    plugin: {
      "name": "CodeLens Plugin",
      "registeredLanguages": []
    }
[1643396919958] INFO  (ext): registering Dependency Manager Plugin.
    plugin: {
      "name": "Dependency Manager Plugin",
      "installingDrivers": []
    }
[1643396919959] INFO  (ext): Connection explorer changed. Will be updated.
    ns: "conn-man:explorer"
[1643396919960] INFO  (ext): registering History Manager Plugin.
    plugin: {
      "name": "History Manager Plugin"
    }
[1643396919960] INFO  (ext): registering Bookmarks Manager Plugin.
    plugin: {
      "name": "Bookmarks Manager Plugin"
    }
[1643396919961] INFO  (ext): SQLTools activation completed. 5.655883 ms
[1643396919984] INFO  (ext): Formatter Plugin registered!
[1643396919984] INFO  (ext): CodeLens Plugin registered!
[1643396919984] INFO  (ext): Dependency Manager Plugin registered!
[1643396919984] INFO  (ext): Connection Manager Plugin registered!
[1643396919984] INFO  (ext): History Manager Plugin registered!
[1643396919984] INFO  (ext): Bookmarks Manager Plugin registered!
[1643396920110] INFO  (ls): SQLTools Server started!
===============================
Using node runtime?: no
ExecPath: /usr/share/code/code 
===============================
[1643396920114] INFO  (ls): Telemetry enabled!
    ns: "telemetry"
[1643396920121] INFO  (ext): LanguageClient ready
    ns: "lc"
[1643396920985] INFO  (ext): EXECUTING COMMAND => sqltools.refreshTree
[1643396920985] INFO  (ext): Connection explorer changed. Will be updated.
    ns: "conn-man:explorer"
[1643396921961] INFO  (ext): Connection explorer changed. Will be updated.
    ns: "conn-man:explorer"
[1643396923180] INFO  (ext): registering MySQL/MariaDB Plugin (driver).
    plugin: {
      "extensionId": "mtxr.sqltools-driver-mysql",
      "name": "MySQL/MariaDB Plugin",
      "type": "driver"
    }
[1643396923181] INFO  (ext): registering PostgreSQL/Redshift Plugin (driver).
    plugin: {
      "extensionId": "mtxr.sqltools-driver-pg",
      "name": "PostgreSQL/Redshift Plugin",
      "type": "driver"
    }
[1643396923181] INFO  (ls): REQUEST RECEIVED => ls/RegisterPlugin
[1643396923182] INFO  (ls): request to register plugin: "/home/pablowinter/.vscode/extensions/mtxr.sqltools-driver-mysql-0.2.0/out/ls/plugin.js"
[1643396923257] INFO  (ls): Driver mysql registered!
    place: "driver-map"
    ns: "ls-context"
[1643396923257] INFO  (ls): Driver mariadb registered!
    place: "driver-map"
    ns: "ls-context"
[1643396923257] INFO  (ls): REQUEST RECEIVED => ls/RegisterPlugin
[1643396923257] INFO  (ls): request to register plugin: "/home/pablowinter/.vscode/extensions/mtxr.sqltools-driver-pg-0.2.0/out/ls/plugin.js"
[1643396923283] INFO  (ls): Driver postgresql registered!
    place: "driver-map"
    ns: "ls-context"
[1643396923283] INFO  (ls): Driver aws redshift registered!
    place: "driver-map"
    ns: "ls-context"
[1643396923824] INFO  (ext): MySQL/MariaDB Plugin (driver) registered!
[1643396923824] INFO  (ext): PostgreSQL/Redshift Plugin (driver) registered!
[1643396924824] INFO  (ext): EXECUTING COMMAND => sqltools.refreshTree
[1643396924825] INFO  (ext): Connection explorer changed. Will be updated.
    ns: "conn-man:explorer"
